# JRE version: OpenJDK Runtime Environment Temurin-21.0.12.1+1 (21.0.12.1+1) (build 21.0.12.1+1-LTS)
# Java VM: OpenJDK 64-Bit Server VM Temurin-21.0.12.1+1 (21.0.12.1+1-LTS, mixed mode, sharing, tiered, compressed oops, compressed class ptrs, parallel gc, windows-amd64)
GC Precious Log:
 CardTable entry size: 512
 CPUs: 4 total, 4 available
 Memory: 6090M
 Large Page Support: Disabled
 NUMA Support: Disabled
 Compressed Oops: Enabled (32-bit)
 Alignments: Space 512K, Generation 512K, Heap 2M
 Heap Min Capacity: 100M
 Heap Initial Capacity: 100M
 Heap Max Capacity: 2G
 Pre-touch: Disabled
 Parallel Workers: 4
Heap:
 PSYoungGen      total 2560K, used 797K [0x00000000d5580000, 0x00000000d5900000, 0x0000000100000000)
  eden space 2048K, 19% used [0x00000000d5580000,0x00000000d55e6648,0x00000000d5780000)
  from space 512K, 75% used [0x00000000d5800000,0x00000000d5860df8,0x00000000d5880000)
  to   space 512K, 0% used [0x00000000d5880000,0x00000000d5880000,0x00000000d5900000)
 ParOldGen       total 430592K, used 430301K [0x0000000080000000, 0x000000009a480000, 0x00000000d5580000)
  object space 430592K, 99% used [0x0000000080000000,0x000000009a437730,0x000000009a480000)
 Metaspace       used 77217K, committed 78784K, reserved 1179648K
  class space    used 8288K, committed 8960K, reserved 1048576K
GC Heap History (20 events):
Event: 89.018 GC heap before
{Heap before GC invocations=375 (full 3):
 PSYoungGen      total 2560K, used 2543K [0x00000000d5580000, 0x00000000d5980000, 0x0000000100000000)
  eden space 2048K, 99% used [0x00000000d5580000,0x00000000d577fc78,0x00000000d5780000)
  from space 512K, 96% used [0x00000000d5880000,0x00000000d58fc010,0x00000000d5900000)
  to   space 512K, 0% used [0x00000000d5900000,0x00000000d5900000,0x00000000d5980000)
 ParOldGen       total 428544K, used 428186K [0x0000000080000000, 0x000000009a280000, 0x00000000d5580000)
  object space 428544K, 99% used [0x0000000080000000,0x000000009a2268a0,0x000000009a280000)
 Metaspace       used 76044K, committed 77568K, reserved 1179648K
  class space    used 8159K, committed 8832K, reserved 1048576K
}
Event: 89.022 GC heap after
{Heap after GC invocations=375 (full 3):
 PSYoungGen      total 2560K, used 480K [0x00000000d5580000, 0x00000000d5980000, 0x0000000100000000)
  eden space 2048K, 0% used [0x00000000d5580000,0x00000000d5580000,0x00000000d5780000)
  from space 512K, 93% used [0x00000000d5900000,0x00000000d59781c0,0x00000000d5980000)
  to   space 1024K, 0% used [0x00000000d5780000,0x00000000d5780000,0x00000000d5880000)
 ParOldGen       total 428544K, used 428482K [0x0000000080000000, 0x000000009a280000, 0x00000000d5580000)
  object space 428544K, 99% used [0x0000000080000000,0x000000009a2708a0,0x000000009a280000)
 Metaspace       used 76044K, committed 77568K, reserved 1179648K
  class space    used 8159K, committed 8832K, reserved 1048576K
}
Event: 89.087 GC heap before
{Heap before GC invocations=376 (full 3):
 PSYoungGen      total 2560K, used 2528K [0x00000000d5580000, 0x00000000d5980000, 0x0000000100000000)
  eden space 2048K, 100% used [0x00000000d5580000,0x00000000d5780000,0x00000000d5780000)
  from space 512K, 93% used [0x00000000d5900000,0x00000000d59781c0,0x00000000d5980000)
  to   space 1024K, 0% used [0x00000000d5780000,0x00000000d5780000,0x00000000d5880000)
 ParOldGen       total 428544K, used 428482K [0x0000000080000000, 0x000000009a280000, 0x00000000d5580000)
  object space 428544K, 99% used [0x0000000080000000,0x000000009a2708a0,0x000000009a280000)
 Metaspace       used 76327K, committed 77760K, reserved 1179648K
  class space    used 8187K, committed 8832K, reserved 1048576K
}
Event: 89.090 GC heap after
{Heap after GC invocations=376 (full 3):
 PSYoungGen      total 3072K, used 128K [0x00000000d5580000, 0x00000000d5980000, 0x0000000100000000)
  eden space 2048K, 0% used [0x00000000d5580000,0x00000000d5580000,0x00000000d5780000)
  from space 1024K, 12% used [0x00000000d5780000,0x00000000d57a0000,0x00000000d5880000)
  to   space 512K, 0% used [0x00000000d5900000,0x00000000d5900000,0x00000000d5980000)
 ParOldGen       total 429056K, used 428954K [0x0000000080000000, 0x000000009a300000, 0x00000000d5580000)
  object space 429056K, 99% used [0x0000000080000000,0x000000009a2e68a0,0x000000009a300000)
 Metaspace       used 76327K, committed 77760K, reserved 1179648K
  class space    used 8187K, committed 8832K, reserved 1048576K
}
Event: 89.141 GC heap before
{Heap before GC invocations=377 (full 3):
 PSYoungGen      total 3072K, used 2176K [0x00000000d5580000, 0x00000000d5980000, 0x0000000100000000)
  eden space 2048K, 100% used [0x00000000d5580000,0x00000000d5780000,0x00000000d5780000)
  from space 1024K, 12% used [0x00000000d5780000,0x00000000d57a0000,0x00000000d5880000)
  to   space 512K, 0% used [0x00000000d5900000,0x00000000d5900000,0x00000000d5980000)
 ParOldGen       total 429056K, used 428954K [0x0000000080000000, 0x000000009a300000, 0x00000000d5580000)
  object space 429056K, 99% used [0x0000000080000000,0x000000009a2e68a0,0x000000009a300000)
 Metaspace       used 76552K, committed 78016K, reserved 1179648K
  class space    used 8218K, committed 8896K, reserved 1048576K
}
Event: 89.144 GC heap after
{Heap after GC invocations=377 (full 3):
 PSYoungGen      total 2560K, used 192K [0x00000000d5580000, 0x00000000d5980000, 0x0000000100000000)
  eden space 2048K, 0% used [0x00000000d5580000,0x00000000d5580000,0x00000000d5780000)
  from space 512K, 37% used [0x00000000d5900000,0x00000000d5930000,0x00000000d5980000)
  to   space 512K, 0% used [0x00000000d5880000,0x00000000d5880000,0x00000000d5900000)
 ParOldGen       total 429056K, used 428986K [0x0000000080000000, 0x000000009a300000, 0x00000000d5580000)
  object space 429056K, 99% used [0x0000000080000000,0x000000009a2ee8a0,0x000000009a300000)
 Metaspace       used 76552K, committed 78016K, reserved 1179648K
  class space    used 8218K, committed 8896K, reserved 1048576K
}
Event: 89.276 GC heap before
{Heap before GC invocations=378 (full 3):
 PSYoungGen      total 2560K, used 2213K [0x00000000d5580000, 0x00000000d5980000, 0x0000000100000000)
  eden space 2048K, 98% used [0x00000000d5580000,0x00000000d5779598,0x00000000d5780000)
  from space 512K, 37% used [0x00000000d5900000,0x00000000d5930000,0x00000000d5980000)
  to   space 512K, 0% used [0x00000000d5880000,0x00000000d5880000,0x00000000d5900000)
 ParOldGen       total 429056K, used 428986K [0x0000000080000000, 0x000000009a300000, 0x00000000d5580000)
  object space 429056K, 99% used [0x0000000080000000,0x000000009a2ee8a0,0x000000009a300000)
 Metaspace       used 76656K, committed 78208K, reserved 1179648K
  class space    used 8239K, committed 8896K, reserved 1048576K
}
Event: 89.280 GC heap after
{Heap after GC invocations=378 (full 3):
 PSYoungGen      total 2560K, used 403K [0x00000000d5580000, 0x00000000d5980000, 0x0000000100000000)
  eden space 2048K, 0% used [0x00000000d5580000,0x00000000d5580000,0x00000000d5780000)
  from space 512K, 78% used [0x00000000d5880000,0x00000000d58e4d50,0x00000000d5900000)
  to   space 512K, 0% used [0x00000000d5900000,0x00000000d5900000,0x00000000d5980000)
 ParOldGen       total 429056K, used 429050K [0x0000000080000000, 0x000000009a300000, 0x00000000d5580000)
  object space 429056K, 99% used [0x0000000080000000,0x000000009a2fe8a0,0x000000009a300000)
 Metaspace       used 76656K, committed 78208K, reserved 1179648K
  class space    used 8239K, committed 8896K, reserved 1048576K
}
Event: 89.348 GC heap before
{Heap before GC invocations=379 (full 3):
 PSYoungGen      total 2560K, used 2451K [0x00000000d5580000, 0x00000000d5980000, 0x0000000100000000)
  eden space 2048K, 99% used [0x00000000d5580000,0x00000000d577fff0,0x00000000d5780000)
  from space 512K, 78% used [0x00000000d5880000,0x00000000d58e4d50,0x00000000d5900000)
  to   space 512K, 0% used [0x00000000d5900000,0x00000000d5900000,0x00000000d5980000)
 ParOldGen       total 429056K, used 429050K [0x0000000080000000, 0x000000009a300000, 0x00000000d5580000)
  object space 429056K, 99% used [0x0000000080000000,0x000000009a2fe8a0,0x000000009a300000)
 Metaspace       used 76657K, committed 78208K, reserved 1179648K
  class space    used 8239K, committed 8896K, reserved 1048576K
}
Event: 89.352 GC heap after
{Heap after GC invocations=379 (full 3):
 PSYoungGen      total 2560K, used 490K [0x00000000d5580000, 0x00000000d5a80000, 0x0000000100000000)
  eden space 2048K, 0% used [0x00000000d5580000,0x00000000d5580000,0x00000000d5780000)
  from space 512K, 95% used [0x00000000d5900000,0x00000000d597aa80,0x00000000d5980000)
  to   space 1536K, 0% used [0x00000000d5780000,0x00000000d5780000,0x00000000d5900000)
 ParOldGen       total 430080K, used 429687K [0x0000000080000000, 0x000000009a400000, 0x00000000d5580000)
  object space 430080K, 99% used [0x0000000080000000,0x000000009a39de00,0x000000009a400000)
 Metaspace       used 76657K, committed 78208K, reserved 1179648K
  class space    used 8239K, committed 8896K, reserved 1048576K
}
Event: 89.384 GC heap before
{Heap before GC invocations=380 (full 3):
 PSYoungGen      total 2560K, used 2538K [0x00000000d5580000, 0x00000000d5a80000, 0x0000000100000000)
  eden space 2048K, 100% used [0x00000000d5580000,0x00000000d5780000,0x00000000d5780000)
  from space 512K, 95% used [0x00000000d5900000,0x00000000d597aa80,0x00000000d5980000)
  to   space 1536K, 0% used [0x00000000d5780000,0x00000000d5780000,0x00000000d5900000)
 ParOldGen       total 430080K, used 429687K [0x0000000080000000, 0x000000009a400000, 0x00000000d5580000)
  object space 430080K, 99% used [0x0000000080000000,0x000000009a39de00,0x000000009a400000)
 Metaspace       used 76678K, committed 78208K, reserved 1179648K
  class space    used 8239K, committed 8896K, reserved 1048576K
}
Event: 89.388 GC heap after
{Heap after GC invocations=380 (full 3):
 PSYoungGen      total 3072K, used 796K [0x00000000d5580000, 0x00000000d5980000, 0x0000000100000000)
  eden space 2048K, 0% used [0x00000000d5580000,0x00000000d5580000,0x00000000d5780000)
  from space 1024K, 77% used [0x00000000d5780000,0x00000000d58471c8,0x00000000d5880000)
  to   space 1024K, 0% used [0x00000000d5880000,0x00000000d5880000,0x00000000d5980000)
 ParOldGen       total 430080K, used 429905K [0x0000000080000000, 0x000000009a400000, 0x00000000d5580000)
  object space 430080K, 99% used [0x0000000080000000,0x000000009a3d44a0,0x000000009a400000)
 Metaspace       used 76678K, committed 78208K, reserved 1179648K
  class space    used 8239K, committed 8896K, reserved 1048576K
}
Event: 89.454 GC heap before
{Heap before GC invocations=381 (full 3):
 PSYoungGen      total 3072K, used 2844K [0x00000000d5580000, 0x00000000d5980000, 0x0000000100000000)
  eden space 2048K, 100% used [0x00000000d5580000,0x00000000d5780000,0x00000000d5780000)
  from space 1024K, 77% used [0x00000000d5780000,0x00000000d58471c8,0x00000000d5880000)
  to   space 1024K, 0% used [0x00000000d5880000,0x00000000d5880000,0x00000000d5980000)
 ParOldGen       total 430080K, used 429946K [0x0000000080000000, 0x000000009a400000, 0x00000000d5580000)
  object space 430080K, 99% used [0x0000000080000000,0x000000009a3deaa8,0x000000009a400000)
 Metaspace       used 76830K, committed 78400K, reserved 1179648K
  class space    used 8246K, committed 8896K, reserved 1048576K
}
Event: 89.457 GC heap after
{Heap after GC invocations=381 (full 3):
 PSYoungGen      total 2560K, used 128K [0x00000000d5580000, 0x00000000d5900000, 0x0000000100000000)
  eden space 2048K, 0% used [0x00000000d5580000,0x00000000d5580000,0x00000000d5780000)
  from space 512K, 25% used [0x00000000d5880000,0x00000000d58a0000,0x00000000d5900000)
  to   space 512K, 0% used [0x00000000d5800000,0x00000000d5800000,0x00000000d5880000)
 ParOldGen       total 430080K, used 430074K [0x0000000080000000, 0x000000009a400000, 0x00000000d5580000)
  object space 430080K, 99% used [0x0000000080000000,0x000000009a3fe988,0x000000009a400000)
 Metaspace       used 76830K, committed 78400K, reserved 1179648K
  class space    used 8246K, committed 8896K, reserved 1048576K
}
Event: 89.503 GC heap before
{Heap before GC invocations=382 (full 3):
 PSYoungGen      total 2560K, used 2176K [0x00000000d5580000, 0x00000000d5900000, 0x0000000100000000)
  eden space 2048K, 100% used [0x00000000d5580000,0x00000000d5780000,0x00000000d5780000)
  from space 512K, 25% used [0x00000000d5880000,0x00000000d58a0000,0x00000000d5900000)
  to   space 512K, 0% used [0x00000000d5800000,0x00000000d5800000,0x00000000d5880000)
 ParOldGen       total 430080K, used 430078K [0x0000000080000000, 0x000000009a400000, 0x00000000d5580000)
  object space 430080K, 99% used [0x0000000080000000,0x000000009a3ff968,0x000000009a400000)
 Metaspace       used 76921K, committed 78528K, reserved 1179648K
  class space    used 8259K, committed 8960K, reserved 1048576K
}
Event: 89.505 GC heap after
{Heap after GC invocations=382 (full 3):
 PSYoungGen      total 2560K, used 167K [0x00000000d5580000, 0x00000000d5900000, 0x0000000100000000)
  eden space 2048K, 0% used [0x00000000d5580000,0x00000000d5580000,0x00000000d5780000)
  from space 512K, 32% used [0x00000000d5800000,0x00000000d5829e90,0x00000000d5880000)
  to   space 512K, 0% used [0x00000000d5880000,0x00000000d5880000,0x00000000d5900000)
 ParOldGen       total 430592K, used 430110K [0x0000000080000000, 0x000000009a480000, 0x00000000d5580000)
  object space 430592K, 99% used [0x0000000080000000,0x000000009a407968,0x000000009a480000)
 Metaspace       used 76921K, committed 78528K, reserved 1179648K
  class space    used 8259K, committed 8960K, reserved 1048576K
}
Event: 89.601 GC heap before
{Heap before GC invocations=383 (full 3):
 PSYoungGen      total 2560K, used 2215K [0x00000000d5580000, 0x00000000d5900000, 0x0000000100000000)
  eden space 2048K, 100% used [0x00000000d5580000,0x00000000d5780000,0x00000000d5780000)
  from space 512K, 32% used [0x00000000d5800000,0x00000000d5829e90,0x00000000d5880000)
  to   space 512K, 0% used [0x00000000d5880000,0x00000000d5880000,0x00000000d5900000)
 ParOldGen       total 430592K, used 430110K [0x0000000080000000, 0x000000009a480000, 0x00000000d5580000)
  object space 430592K, 99% used [0x0000000080000000,0x000000009a407968,0x000000009a480000)
 Metaspace       used 77076K, committed 78656K, reserved 1179648K
  class space    used 8273K, committed 8960K, reserved 1048576K
}
Event: 89.604 GC heap after
{Heap after GC invocations=383 (full 3):
 PSYoungGen      total 2560K, used 160K [0x00000000d5580000, 0x00000000d5900000, 0x0000000100000000)
  eden space 2048K, 0% used [0x00000000d5580000,0x00000000d5580000,0x00000000d5780000)
  from space 512K, 31% used [0x00000000d5880000,0x00000000d58a8000,0x00000000d5900000)
  to   space 512K, 0% used [0x00000000d5800000,0x00000000d5800000,0x00000000d5880000)
 ParOldGen       total 430592K, used 430250K [0x0000000080000000, 0x000000009a480000, 0x00000000d5580000)
  object space 430592K, 99% used [0x0000000080000000,0x000000009a42ab28,0x000000009a480000)
 Metaspace       used 77076K, committed 78656K, reserved 1179648K
  class space    used 8273K, committed 8960K, reserved 1048576K
}
Event: 366.316 GC heap before
{Heap before GC invocations=384 (full 3):
 PSYoungGen      total 2560K, used 2208K [0x00000000d5580000, 0x00000000d5900000, 0x0000000100000000)
  eden space 2048K, 100% used [0x00000000d5580000,0x00000000d5780000,0x00000000d5780000)
  from space 512K, 31% used [0x00000000d5880000,0x00000000d58a8000,0x00000000d5900000)
  to   space 512K, 0% used [0x00000000d5800000,0x00000000d5800000,0x00000000d5880000)
 ParOldGen       total 430592K, used 430250K [0x0000000080000000, 0x000000009a480000, 0x00000000d5580000)
  object space 430592K, 99% used [0x0000000080000000,0x000000009a42ab28,0x000000009a480000)
 Metaspace       used 77190K, committed 78784K, reserved 1179648K
  class space    used 8285K, committed 8960K, reserved 1048576K
}
Event: 366.323 GC heap after
{Heap after GC invocations=384 (full 3):
 PSYoungGen      total 2560K, used 387K [0x00000000d5580000, 0x00000000d5900000, 0x0000000100000000)
  eden space 2048K, 0% used [0x00000000d5580000,0x00000000d5580000,0x00000000d5780000)
  from space 512K, 75% used [0x00000000d5800000,0x00000000d5860df8,0x00000000d5880000)
  to   space 512K, 0% used [0x00000000d5880000,0x00000000d5880000,0x00000000d5900000)
 ParOldGen       total 430592K, used 430301K [0x0000000080000000, 0x000000009a480000, 0x00000000d5580000)
  object space 430592K, 99% used [0x0000000080000000,0x000000009a437730,0x000000009a480000)
 Metaspace       used 77190K, committed 78784K, reserved 1179648K
  class space    used 8285K, committed 8960K, reserved 1048576K
}

