# JRE version: OpenJDK Runtime Environment Temurin-21.0.12.1+1 (21.0.12.1+1) (build 21.0.12.1+1-LTS)
# Java VM: OpenJDK 64-Bit Server VM Temurin-21.0.12.1+1 (21.0.12.1+1-LTS, mixed mode, sharing, tiered, compressed oops, compressed class ptrs, parallel gc, windows-amd64)
GC Precious Log:
 CardTable entry size: 512
 CPUs: 4 total, 4 available
 Memory: 6090M
 Large Page Support: Disabled
 NUMA Support: Disabled
 Compressed Oops: Enabled (32-bit)
 Alignments: Space 512K, Generation 512K, Heap 2M
 Heap Min Capacity: 100M
 Heap Initial Capacity: 100M
 Heap Max Capacity: 2G
 Pre-touch: Disabled
 Parallel Workers: 4
Heap:
 PSYoungGen      total 21504K, used 20728K [0x00000000d5580000, 0x00000000d6b80000, 0x0000000100000000)
  eden space 20480K, 99% used [0x00000000d5580000,0x00000000d6962f70,0x00000000d6980000)
  from space 1024K, 35% used [0x00000000d6980000,0x00000000d69db178,0x00000000d6a80000)
  to   space 512K, 0% used [0x00000000d6b00000,0x00000000d6b00000,0x00000000d6b80000)
 ParOldGen       total 68608K, used 54190K [0x0000000080000000, 0x0000000084300000, 0x00000000d5580000)
  object space 68608K, 78% used [0x0000000080000000,0x00000000834eb958,0x0000000084300000)
 Metaspace       used 87403K, committed 89344K, reserved 1179648K
  class space    used 9311K, committed 10240K, reserved 1048576K
GC Heap History (20 events):
Event: 462.045 GC heap before
{Heap before GC invocations=74 (full 3):
 PSYoungGen      total 21504K, used 12579K [0x00000000d5580000, 0x00000000d6e80000, 0x0000000100000000)
  eden space 20480K, 56% used [0x00000000d5580000,0x00000000d60c9120,0x00000000d6980000)
  from space 1024K, 99% used [0x00000000d6c00000,0x00000000d6cffd10,0x00000000d6d00000)
  to   space 2560K, 0% used [0x00000000d6980000,0x00000000d6980000,0x00000000d6c00000)
 ParOldGen       total 68608K, used 61533K [0x0000000080000000, 0x0000000084300000, 0x00000000d5580000)
  object space 68608K, 89% used [0x0000000080000000,0x0000000083c174b0,0x0000000084300000)
 Metaspace       used 81228K, committed 83072K, reserved 1179648K
  class space    used 8496K, committed 9344K, reserved 1048576K
}
Event: 462.049 GC heap after
{Heap after GC invocations=74 (full 3):
 PSYoungGen      total 21504K, used 843K [0x00000000d5580000, 0x00000000d6c80000, 0x0000000100000000)
  eden space 20480K, 0% used [0x00000000d5580000,0x00000000d5580000,0x00000000d6980000)
  from space 1024K, 82% used [0x00000000d6980000,0x00000000d6a52fe8,0x00000000d6a80000)
  to   space 1536K, 0% used [0x00000000d6b00000,0x00000000d6b00000,0x00000000d6c80000)
 ParOldGen       total 68608K, used 62542K [0x0000000080000000, 0x0000000084300000, 0x00000000d5580000)
  object space 68608K, 91% used [0x0000000080000000,0x0000000083d13a58,0x0000000084300000)
 Metaspace       used 81228K, committed 83072K, reserved 1179648K
  class space    used 8496K, committed 9344K, reserved 1048576K
}
Event: 462.049 GC heap before
{Heap before GC invocations=75 (full 4):
 PSYoungGen      total 21504K, used 843K [0x00000000d5580000, 0x00000000d6c80000, 0x0000000100000000)
  eden space 20480K, 0% used [0x00000000d5580000,0x00000000d5580000,0x00000000d6980000)
  from space 1024K, 82% used [0x00000000d6980000,0x00000000d6a52fe8,0x00000000d6a80000)
  to   space 1536K, 0% used [0x00000000d6b00000,0x00000000d6b00000,0x00000000d6c80000)
 ParOldGen       total 68608K, used 62542K [0x0000000080000000, 0x0000000084300000, 0x00000000d5580000)
  object space 68608K, 91% used [0x0000000080000000,0x0000000083d13a58,0x0000000084300000)
 Metaspace       used 81228K, committed 83072K, reserved 1179648K
  class space    used 8496K, committed 9344K, reserved 1048576K
}
Event: 462.256 GC heap after
{Heap after GC invocations=75 (full 4):
 PSYoungGen      total 21504K, used 0K [0x00000000d5580000, 0x00000000d6c80000, 0x0000000100000000)
  eden space 20480K, 0% used [0x00000000d5580000,0x00000000d5580000,0x00000000d6980000)
  from space 1024K, 0% used [0x00000000d6980000,0x00000000d6980000,0x00000000d6a80000)
  to   space 1536K, 0% used [0x00000000d6b00000,0x00000000d6b00000,0x00000000d6c80000)
 ParOldGen       total 68608K, used 51546K [0x0000000080000000, 0x0000000084300000, 0x00000000d5580000)
  object space 68608K, 75% used [0x0000000080000000,0x0000000083256968,0x0000000084300000)
 Metaspace       used 81228K, committed 83072K, reserved 1179648K
  class space    used 8496K, committed 9344K, reserved 1048576K
}
Event: 463.006 GC heap before
{Heap before GC invocations=76 (full 4):
 PSYoungGen      total 21504K, used 20480K [0x00000000d5580000, 0x00000000d6c80000, 0x0000000100000000)
  eden space 20480K, 100% used [0x00000000d5580000,0x00000000d6980000,0x00000000d6980000)
  from space 1024K, 0% used [0x00000000d6980000,0x00000000d6980000,0x00000000d6a80000)
  to   space 1536K, 0% used [0x00000000d6b00000,0x00000000d6b00000,0x00000000d6c80000)
 ParOldGen       total 68608K, used 51546K [0x0000000080000000, 0x0000000084300000, 0x00000000d5580000)
  object space 68608K, 75% used [0x0000000080000000,0x0000000083256968,0x0000000084300000)
 Metaspace       used 82780K, committed 84672K, reserved 1179648K
  class space    used 8713K, committed 9600K, reserved 1048576K
}
Event: 463.008 GC heap after
{Heap after GC invocations=76 (full 4):
 PSYoungGen      total 22016K, used 1047K [0x00000000d5580000, 0x00000000d6c80000, 0x0000000100000000)
  eden space 20480K, 0% used [0x00000000d5580000,0x00000000d5580000,0x00000000d6980000)
  from space 1536K, 68% used [0x00000000d6b00000,0x00000000d6c05ce8,0x00000000d6c80000)
  to   space 1536K, 0% used [0x00000000d6980000,0x00000000d6980000,0x00000000d6b00000)
 ParOldGen       total 68608K, used 51554K [0x0000000080000000, 0x0000000084300000, 0x00000000d5580000)
  object space 68608K, 75% used [0x0000000080000000,0x0000000083258968,0x0000000084300000)
 Metaspace       used 82780K, committed 84672K, reserved 1179648K
  class space    used 8713K, committed 9600K, reserved 1048576K
}
Event: 463.482 GC heap before
{Heap before GC invocations=77 (full 4):
 PSYoungGen      total 22016K, used 21527K [0x00000000d5580000, 0x00000000d6c80000, 0x0000000100000000)
  eden space 20480K, 99% used [0x00000000d5580000,0x00000000d697fff8,0x00000000d6980000)
  from space 1536K, 68% used [0x00000000d6b00000,0x00000000d6c05ce8,0x00000000d6c80000)
  to   space 1536K, 0% used [0x00000000d6980000,0x00000000d6980000,0x00000000d6b00000)
 ParOldGen       total 68608K, used 51554K [0x0000000080000000, 0x0000000084300000, 0x00000000d5580000)
  object space 68608K, 75% used [0x0000000080000000,0x0000000083258968,0x0000000084300000)
 Metaspace       used 83771K, committed 85632K, reserved 1179648K
  class space    used 8839K, committed 9728K, reserved 1048576K
}
Event: 463.486 GC heap after
{Heap after GC invocations=77 (full 4):
 PSYoungGen      total 22016K, used 1136K [0x00000000d5580000, 0x00000000d6c80000, 0x0000000100000000)
  eden space 20480K, 0% used [0x00000000d5580000,0x00000000d5580000,0x00000000d6980000)
  from space 1536K, 73% used [0x00000000d6980000,0x00000000d6a9c010,0x00000000d6b00000)
  to   space 1536K, 0% used [0x00000000d6b00000,0x00000000d6b00000,0x00000000d6c80000)
 ParOldGen       total 68608K, used 52134K [0x0000000080000000, 0x0000000084300000, 0x00000000d5580000)
  object space 68608K, 75% used [0x0000000080000000,0x00000000832e98e0,0x0000000084300000)
 Metaspace       used 83771K, committed 85632K, reserved 1179648K
  class space    used 8839K, committed 9728K, reserved 1048576K
}
Event: 464.327 GC heap before
{Heap before GC invocations=78 (full 4):
 PSYoungGen      total 22016K, used 21616K [0x00000000d5580000, 0x00000000d6c80000, 0x0000000100000000)
  eden space 20480K, 100% used [0x00000000d5580000,0x00000000d6980000,0x00000000d6980000)
  from space 1536K, 73% used [0x00000000d6980000,0x00000000d6a9c010,0x00000000d6b00000)
  to   space 1536K, 0% used [0x00000000d6b00000,0x00000000d6b00000,0x00000000d6c80000)
 ParOldGen       total 68608K, used 52134K [0x0000000080000000, 0x0000000084300000, 0x00000000d5580000)
  object space 68608K, 75% used [0x0000000080000000,0x00000000832e98e0,0x0000000084300000)
 Metaspace       used 83812K, committed 85696K, reserved 1179648K
  class space    used 8839K, committed 9728K, reserved 1048576K
}
Event: 464.330 GC heap after
{Heap after GC invocations=78 (full 4):
 PSYoungGen      total 22016K, used 1324K [0x00000000d5580000, 0x00000000d6c80000, 0x0000000100000000)
  eden space 20480K, 0% used [0x00000000d5580000,0x00000000d5580000,0x00000000d6980000)
  from space 1536K, 86% used [0x00000000d6b00000,0x00000000d6c4b080,0x00000000d6c80000)
  to   space 1536K, 0% used [0x00000000d6980000,0x00000000d6980000,0x00000000d6b00000)
 ParOldGen       total 68608K, used 52422K [0x0000000080000000, 0x0000000084300000, 0x00000000d5580000)
  object space 68608K, 76% used [0x0000000080000000,0x0000000083331910,0x0000000084300000)
 Metaspace       used 83812K, committed 85696K, reserved 1179648K
  class space    used 8839K, committed 9728K, reserved 1048576K
}
Event: 466.473 GC heap before
{Heap before GC invocations=79 (full 4):
 PSYoungGen      total 22016K, used 21804K [0x00000000d5580000, 0x00000000d6c80000, 0x0000000100000000)
  eden space 20480K, 100% used [0x00000000d5580000,0x00000000d6980000,0x00000000d6980000)
  from space 1536K, 86% used [0x00000000d6b00000,0x00000000d6c4b080,0x00000000d6c80000)
  to   space 1536K, 0% used [0x00000000d6980000,0x00000000d6980000,0x00000000d6b00000)
 ParOldGen       total 68608K, used 52422K [0x0000000080000000, 0x0000000084300000, 0x00000000d5580000)
  object space 68608K, 76% used [0x0000000080000000,0x0000000083331910,0x0000000084300000)
 Metaspace       used 84069K, committed 86016K, reserved 1179648K
  class space    used 8871K, committed 9792K, reserved 1048576K
}
Event: 466.475 GC heap after
{Heap after GC invocations=79 (full 4):
 PSYoungGen      total 21504K, used 754K [0x00000000d5580000, 0x00000000d6b80000, 0x0000000100000000)
  eden space 20480K, 0% used [0x00000000d5580000,0x00000000d5580000,0x00000000d6980000)
  from space 1024K, 73% used [0x00000000d6980000,0x00000000d6a3c828,0x00000000d6a80000)
  to   space 1024K, 0% used [0x00000000d6a80000,0x00000000d6a80000,0x00000000d6b80000)
 ParOldGen       total 68608K, used 53080K [0x0000000080000000, 0x0000000084300000, 0x00000000d5580000)
  object space 68608K, 77% used [0x0000000080000000,0x00000000833d6240,0x0000000084300000)
 Metaspace       used 84069K, committed 86016K, reserved 1179648K
  class space    used 8871K, committed 9792K, reserved 1048576K
}
Event: 468.650 GC heap before
{Heap before GC invocations=80 (full 4):
 PSYoungGen      total 21504K, used 21234K [0x00000000d5580000, 0x00000000d6b80000, 0x0000000100000000)
  eden space 20480K, 100% used [0x00000000d5580000,0x00000000d6980000,0x00000000d6980000)
  from space 1024K, 73% used [0x00000000d6980000,0x00000000d6a3c828,0x00000000d6a80000)
  to   space 1024K, 0% used [0x00000000d6a80000,0x00000000d6a80000,0x00000000d6b80000)
 ParOldGen       total 68608K, used 53080K [0x0000000080000000, 0x0000000084300000, 0x00000000d5580000)
  object space 68608K, 77% used [0x0000000080000000,0x00000000833d6240,0x0000000084300000)
 Metaspace       used 84174K, committed 86144K, reserved 1179648K
  class space    used 8871K, committed 9792K, reserved 1048576K
}
Event: 468.651 GC heap after
{Heap after GC invocations=80 (full 4):
 PSYoungGen      total 21504K, used 320K [0x00000000d5580000, 0x00000000d6b80000, 0x0000000100000000)
  eden space 20480K, 0% used [0x00000000d5580000,0x00000000d5580000,0x00000000d6980000)
  from space 1024K, 31% used [0x00000000d6a80000,0x00000000d6ad0000,0x00000000d6b80000)
  to   space 1024K, 0% used [0x00000000d6980000,0x00000000d6980000,0x00000000d6a80000)
 ParOldGen       total 68608K, used 53274K [0x0000000080000000, 0x0000000084300000, 0x00000000d5580000)
  object space 68608K, 77% used [0x0000000080000000,0x0000000083406a88,0x0000000084300000)
 Metaspace       used 84174K, committed 86144K, reserved 1179648K
  class space    used 8871K, committed 9792K, reserved 1048576K
}
Event: 470.752 GC heap before
{Heap before GC invocations=81 (full 4):
 PSYoungGen      total 21504K, used 20800K [0x00000000d5580000, 0x00000000d6b80000, 0x0000000100000000)
  eden space 20480K, 100% used [0x00000000d5580000,0x00000000d6980000,0x00000000d6980000)
  from space 1024K, 31% used [0x00000000d6a80000,0x00000000d6ad0000,0x00000000d6b80000)
  to   space 1024K, 0% used [0x00000000d6980000,0x00000000d6980000,0x00000000d6a80000)
 ParOldGen       total 68608K, used 53274K [0x0000000080000000, 0x0000000084300000, 0x00000000d5580000)
  object space 68608K, 77% used [0x0000000080000000,0x0000000083406a88,0x0000000084300000)
 Metaspace       used 84256K, committed 86208K, reserved 1179648K
  class space    used 8871K, committed 9792K, reserved 1048576K
}
Event: 470.754 GC heap after
{Heap after GC invocations=81 (full 4):
 PSYoungGen      total 21504K, used 1005K [0x00000000d5580000, 0x00000000d6c80000, 0x0000000100000000)
  eden space 20480K, 0% used [0x00000000d5580000,0x00000000d5580000,0x00000000d6980000)
  from space 1024K, 98% used [0x00000000d6980000,0x00000000d6a7b630,0x00000000d6a80000)
  to   space 1536K, 0% used [0x00000000d6b00000,0x00000000d6b00000,0x00000000d6c80000)
 ParOldGen       total 68608K, used 53618K [0x0000000080000000, 0x0000000084300000, 0x00000000d5580000)
  object space 68608K, 78% used [0x0000000080000000,0x000000008345ca88,0x0000000084300000)
 Metaspace       used 84256K, committed 86208K, reserved 1179648K
  class space    used 8871K, committed 9792K, reserved 1048576K
}
Event: 473.068 GC heap before
{Heap before GC invocations=82 (full 4):
 PSYoungGen      total 21504K, used 21485K [0x00000000d5580000, 0x00000000d6c80000, 0x0000000100000000)
  eden space 20480K, 100% used [0x00000000d5580000,0x00000000d6980000,0x00000000d6980000)
  from space 1024K, 98% used [0x00000000d6980000,0x00000000d6a7b630,0x00000000d6a80000)
  to   space 1536K, 0% used [0x00000000d6b00000,0x00000000d6b00000,0x00000000d6c80000)
 ParOldGen       total 68608K, used 53618K [0x0000000080000000, 0x0000000084300000, 0x00000000d5580000)
  object space 68608K, 78% used [0x0000000080000000,0x000000008345ca88,0x0000000084300000)
 Metaspace       used 84505K, committed 86400K, reserved 1179648K
  class space    used 8912K, committed 9792K, reserved 1048576K
}
Event: 473.070 GC heap after
{Heap after GC invocations=82 (full 4):
 PSYoungGen      total 20992K, used 224K [0x00000000d5580000, 0x00000000d6b80000, 0x0000000100000000)
  eden space 20480K, 0% used [0x00000000d5580000,0x00000000d5580000,0x00000000d6980000)
  from space 512K, 43% used [0x00000000d6b00000,0x00000000d6b38000,0x00000000d6b80000)
  to   space 1024K, 0% used [0x00000000d6980000,0x00000000d6980000,0x00000000d6a80000)
 ParOldGen       total 68608K, used 54046K [0x0000000080000000, 0x0000000084300000, 0x00000000d5580000)
  object space 68608K, 78% used [0x0000000080000000,0x00000000834c7958,0x0000000084300000)
 Metaspace       used 84505K, committed 86400K, reserved 1179648K
  class space    used 8912K, committed 9792K, reserved 1048576K
}
Event: 473.311 GC heap before
{Heap before GC invocations=83 (full 4):
 PSYoungGen      total 20992K, used 20659K [0x00000000d5580000, 0x00000000d6b80000, 0x0000000100000000)
  eden space 20480K, 99% used [0x00000000d5580000,0x00000000d6974f78,0x00000000d6980000)
  from space 512K, 43% used [0x00000000d6b00000,0x00000000d6b38000,0x00000000d6b80000)
  to   space 1024K, 0% used [0x00000000d6980000,0x00000000d6980000,0x00000000d6a80000)
 ParOldGen       total 68608K, used 54046K [0x0000000080000000, 0x0000000084300000, 0x00000000d5580000)
  object space 68608K, 78% used [0x0000000080000000,0x00000000834c7958,0x0000000084300000)
 Metaspace       used 85116K, committed 87040K, reserved 1179648K
  class space    used 8960K, committed 9856K, reserved 1048576K
}
Event: 473.312 GC heap after
{Heap after GC invocations=83 (full 4):
 PSYoungGen      total 21504K, used 364K [0x00000000d5580000, 0x00000000d6b80000, 0x0000000100000000)
  eden space 20480K, 0% used [0x00000000d5580000,0x00000000d5580000,0x00000000d6980000)
  from space 1024K, 35% used [0x00000000d6980000,0x00000000d69db178,0x00000000d6a80000)
  to   space 512K, 0% used [0x00000000d6b00000,0x00000000d6b00000,0x00000000d6b80000)
 ParOldGen       total 68608K, used 54190K [0x0000000080000000, 0x0000000084300000, 0x00000000d5580000)
  object space 68608K, 78% used [0x0000000080000000,0x00000000834eb958,0x0000000084300000)
 Metaspace       used 85116K, committed 87040K, reserved 1179648K
  class space    used 8960K, committed 9856K, reserved 1048576K
}

